  64 bit Processing .\ms-rprn.idl
  ms-rprn.idl
  64 bit Processing C:\Program Files (x86)\Windows Kits\10\Include\10.0.22621.0\um\oaidl.idl
  oaidl.idl
  64 bit Processing C:\Program Files (x86)\Windows Kits\10\Include\10.0.22621.0\um\objidl.idl
  objidl.idl
  64 bit Processing C:\Program Files (x86)\Windows Kits\10\Include\10.0.22621.0\um\unknwn.idl
  unknwn.idl
  64 bit Processing C:\Program Files (x86)\Windows Kits\10\Include\10.0.22621.0\shared\wtypes.idl
  wtypes.idl
  64 bit Processing C:\Program Files (x86)\Windows Kits\10\Include\10.0.22621.0\shared\wtypesbase.idl
  wtypesbase.idl
  64 bit Processing C:\Program Files (x86)\Windows Kits\10\Include\10.0.22621.0\shared\basetsd.h
  basetsd.h
  64 bit Processing C:\Program Files (x86)\Windows Kits\10\Include\10.0.22621.0\shared\guiddef.h
  guiddef.h
  64 bit Processing C:\Program Files (x86)\Windows Kits\10\Include\10.0.22621.0\um\oaidl.acf
  oaidl.acf
  stdafx.c
  main.c
C:\tools\git\StoolSample\MS-RPRN\main.c(111,1): warning C4047: 'initializing': 'HRESULT' differs in levels of indirection from 'void *'
  ms-rprn_c.c
     Creating library C:\tools\git\StoolSample\x64\Release\MS-RPRN.lib and object C:\tools\git\StoolSample\x64\Release\MS-RPRN.exp
  Generating code
  Previous IPDB not found, fall back to full compilation.
  All 14 functions were compiled because no usable IPDB/IOBJ from previous compilation was found.
  Finished generating code
  MS-RPRN.vcxproj -> C:\tools\git\StoolSample\x64\Release\MS-RPRN.dll
  (Post Build) Generating Data.cs for the StoolSample project
